<?xml version="1.0" encoding="UTF-8"?>
<testsuite xmlns:xsi="http://www.w3.org/2001/XMLSchema-instance" xsi:noNamespaceSchemaLocation="https://maven.apache.org/surefire/maven-surefire-plugin/xsd/surefire-test-report.xsd" name="com.example.mk4.FileLocatorTest" time="0.014" tests="3" errors="0" skipped="0" failures="0">
  <properties>
[...]
</properties>
  <testcase name="testFileDoesNotExist" classname="com.example.mk4.FileLocatorTest" time="0.006"/>
  <testcase name="testFileExists" classname="com.example.mk4.FileLocatorTest" time="0.001"/>
  <testcase name="testInvalidDirectory" classname="com.example.mk4.FileLocatorTest" time="0"/>
</testsuite>