<?xml version="1.0" encoding="UTF-8"?>
<testsuite xmlns:xsi="http://www.w3.org/2001/XMLSchema-instance" xsi:noNamespaceSchemaLocation="https://maven.apache.org/surefire/maven-surefire-plugin/xsd/surefire-test-report.xsd" name="com.example.mk4.HailstoneTest" time="0.059" tests="5" errors="0" skipped="0" failures="0">
  <properties>
[...]
</properties>
  <testcase name="testHailstoneWithEvenNumber" classname="com.example.mk4.HailstoneTest" time="0.032"/>
  <testcase name="testHailstoneWithOne" classname="com.example.mk4.HailstoneTest" time="0"/>
  <testcase name="testHailstoneWithOddNumber" classname="com.example.mk4.HailstoneTest" time="0.004"/>
  <testcase name="testHailstoneWithOddNumberFive" classname="com.example.mk4.HailstoneTest" time="0"/>
  <testcase name="testHailstoneWithLargerEvenNumber" classname="com.example.mk4.HailstoneTest" time="0"/>
</testsuite>