<?xml version="1.0" encoding="UTF-8"?>
<testsuite xmlns:xsi="http://www.w3.org/2001/XMLSchema-instance" xsi:noNamespaceSchemaLocation="https://maven.apache.org/surefire/maven-surefire-plugin/xsd/surefire-test-report.xsd" name="com.example.mk4.VowelsTest" time="0.101" tests="9" errors="0" skipped="0" failures="0">
  <properties>
[...]
</properties>
  <testcase name="testStringNoVowels" classname="com.example.mk4.VowelsTest" time="0.054"/>
  <testcase name="testRepeatedVowelsInString" classname="com.example.mk4.VowelsTest" time="0"/>
  <testcase name="testMixedVowelsAndConsonants" classname="com.example.mk4.VowelsTest" time="0.004"/>
  <testcase name="testVowelsInTheMiddle" classname="com.example.mk4.VowelsTest" time="0.002"/>
  <testcase name="testSingleConsonant" classname="com.example.mk4.VowelsTest" time="0.002"/>
  <testcase name="testEmptyString" classname="com.example.mk4.VowelsTest" time="0.001"/>
  <testcase name="testAllVowelsInString" classname="com.example.mk4.VowelsTest" time="0.001"/>
  <testcase name="testMultipleConsonants" classname="com.example.mk4.VowelsTest" time="0"/>
  <testcase name="testSingleVowel" classname="com.example.mk4.VowelsTest" time="0.001"/>
</testsuite>